<?xml version="1.0" encoding="UTF-8"?>
<testng-results ignored="0" total="8" passed="8" failed="0" skipped="0">
  <reporter-output>
  </reporter-output>
  <suite started-at="2021-11-26T21:12:40 IST" name="Default suite" finished-at="2021-11-26T21:12:57 IST" duration-ms="16836">
    <groups>
    </groups>
    <test started-at="2021-11-26T21:12:40 IST" name="Default test" finished-at="2021-11-26T21:12:57 IST" duration-ms="16836">
      <class name="com.qa.opencart.test.AccountsPageTest">
        <test-method is-config="true" signature="setUp()[pri:0, instance:com.qa.opencart.test.AccountsPageTest@272113c4]" started-at="2021-11-26T21:12:40 IST" name="setUp" finished-at="2021-11-26T21:12:45 IST" duration-ms="5088" status="PASS">
          <reporter-output>
          </reporter-output>
        </test-method> <!-- setUp -->
        <test-method is-config="true" signature="accountsPageSetup()[pri:0, instance:com.qa.opencart.test.AccountsPageTest@272113c4]" started-at="2021-11-26T21:12:45 IST" name="accountsPageSetup" finished-at="2021-11-26T21:12:48 IST" duration-ms="3421" status="PASS">
          <reporter-output>
          </reporter-output>
        </test-method> <!-- accountsPageSetup -->
        <test-method signature="accountPageUrlTest()[pri:0, instance:com.qa.opencart.test.AccountsPageTest@272113c4]" started-at="2021-11-26T21:12:48 IST" name="accountPageUrlTest" finished-at="2021-11-26T21:12:48 IST" duration-ms="23" status="PASS">
          <reporter-output>
          </reporter-output>
        </test-method> <!-- accountPageUrlTest -->
        <test-method signature="accountsPageList()[pri:0, instance:com.qa.opencart.test.AccountsPageTest@272113c4]" started-at="2021-11-26T21:12:48 IST" name="accountsPageList" finished-at="2021-11-26T21:12:50 IST" duration-ms="1738" status="PASS">
          <reporter-output>
          </reporter-output>
        </test-method> <!-- accountsPageList -->
        <test-method signature="accountPageHeadersTest()[pri:1, instance:com.qa.opencart.test.AccountsPageTest@272113c4]" started-at="2021-11-26T21:12:50 IST" name="accountPageHeadersTest" finished-at="2021-11-26T21:12:50 IST" duration-ms="223" status="PASS">
          <reporter-output>
          </reporter-output>
        </test-method> <!-- accountPageHeadersTest -->
        <test-method signature="accountsPageFootersTest()[pri:2, instance:com.qa.opencart.test.AccountsPageTest@272113c4]" started-at="2021-11-26T21:12:50 IST" name="accountsPageFootersTest" finished-at="2021-11-26T21:12:51 IST" duration-ms="265" status="PASS">
          <reporter-output>
          </reporter-output>
        </test-method> <!-- accountsPageFootersTest -->
        <test-method signature="logOutTest()[pri:3, instance:com.qa.opencart.test.AccountsPageTest@272113c4]" started-at="2021-11-26T21:12:51 IST" name="logOutTest" finished-at="2021-11-26T21:12:51 IST" duration-ms="255" status="PASS">
          <reporter-output>
          </reporter-output>
        </test-method> <!-- logOutTest -->
        <test-method signature="searchTest(java.lang.String)[pri:4, instance:com.qa.opencart.test.AccountsPageTest@272113c4]" started-at="2021-11-26T21:12:51 IST" name="searchTest" data-provider="PRODUCTS" finished-at="2021-11-26T21:12:53 IST" duration-ms="2113" status="PASS">
          <params>
            <param index="0">
              <value>
                <![CDATA[IMac]]>
              </value>
            </param>
          </params>
          <reporter-output>
          </reporter-output>
        </test-method> <!-- searchTest -->
        <test-method signature="searchTest(java.lang.String)[pri:4, instance:com.qa.opencart.test.AccountsPageTest@272113c4]" started-at="2021-11-26T21:12:53 IST" name="searchTest" data-provider="PRODUCTS" finished-at="2021-11-26T21:12:55 IST" duration-ms="1601" status="PASS">
          <params>
            <param index="0">
              <value>
                <![CDATA[Macbook Pro]]>
              </value>
            </param>
          </params>
          <reporter-output>
          </reporter-output>
        </test-method> <!-- searchTest -->
        <test-method signature="searchTest(java.lang.String)[pri:4, instance:com.qa.opencart.test.AccountsPageTest@272113c4]" started-at="2021-11-26T21:12:55 IST" name="searchTest" data-provider="PRODUCTS" finished-at="2021-11-26T21:12:56 IST" duration-ms="1755" status="PASS">
          <params>
            <param index="0">
              <value>
                <![CDATA[Macbook Air]]>
              </value>
            </param>
          </params>
          <reporter-output>
          </reporter-output>
        </test-method> <!-- searchTest -->
        <test-method is-config="true" signature="tearDown()[pri:0, instance:com.qa.opencart.test.AccountsPageTest@272113c4]" started-at="2021-11-26T21:12:56 IST" name="tearDown" finished-at="2021-11-26T21:12:57 IST" duration-ms="236" status="PASS">
          <reporter-output>
          </reporter-output>
        </test-method> <!-- tearDown -->
      </class> <!-- com.qa.opencart.test.AccountsPageTest -->
    </test> <!-- Default test -->
  </suite> <!-- Default suite -->
</testng-results>
